SF:/Users/ademolafadumo/Invertase/firebase-admin-sdk/dart_firebase_admin/packages/dart_firebase_admin/lib/src/app/firebase_app.dart
DA:8,17
DA:14,48
DA:25,16
DA:26,32
DA:34,2
DA:42,1
DA:43,2
DA:47,1
DA:48,2
DA:54,1
DA:55,2
DA:76,2
DA:78,0
DA:80,0
DA:91,2
DA:97,2
DA:103,4
DA:107,0
DA:113,2
DA:120,4
DA:122,12
DA:123,9
DA:124,2
DA:135,6
DA:142,13
DA:147,13
DA:148,26
DA:149,39
DA:151,26
DA:157,1
DA:158,2
DA:163,3
DA:169,2
DA:170,1
DA:171,2
DA:177,1
DA:178,2
DA:183,2
DA:184,1
DA:210,12
DA:211,12
DA:214,36
DA:217,12
DA:218,48
DA:219,12
DA:223,24
DA:226,20
DA:227,4
DA:230,12
DA:234,13
DA:235,13
DA:236,1
DA:238,2
LF:53
LH:50
end_of_record
SF:/Users/ademolafadumo/Invertase/firebase-admin-sdk/dart_firebase_admin/packages/dart_firebase_admin/lib/src/app/credential.dart
DA:23,4
DA:26,4
DA:47,1
DA:48,1
DA:68,4
DA:74,4
DA:83,7
DA:102,1
DA:104,1
DA:105,1
DA:106,1
DA:113,1
DA:117,1
DA:121,1
DA:122,1
DA:123,1
DA:124,1
DA:128,1
DA:135,4
DA:141,4
DA:143,4
DA:147,4
DA:150,8
DA:163,0
DA:168,0
DA:170,1
DA:172,1
DA:174,0
DA:175,0
DA:198,4
DA:205,4
DA:210,4
DA:217,10
DA:218,4
DA:219,2
DA:221,2
DA:222,1
DA:223,1
DA:224,1
DA:227,1
DA:229,0
DA:234,4
DA:245,1
DA:247,1
DA:249,0
DA:251,0
DA:256,0
LF:47
LH:39
end_of_record
SF:/Users/ademolafadumo/Invertase/firebase-admin-sdk/dart_firebase_admin/packages/dart_firebase_admin/lib/src/app/exception.dart
DA:6,0
DA:20,1
DA:22,1
DA:24,1
DA:26,1
DA:28,1
DA:30,1
DA:32,1
DA:34,1
DA:36,1
DA:38,1
DA:40,1
DA:42,1
DA:44,1
DA:46,1
DA:48,1
DA:50,1
DA:60,9
DA:72,24
DA:79,8
DA:81,0
DA:83,0
LF:22
LH:19
end_of_record
SF:/Users/ademolafadumo/Invertase/firebase-admin-sdk/dart_firebase_admin/packages/dart_firebase_admin/lib/src/app/app_registry.dart
DA:5,17
DA:8,17
DA:9,17
DA:15,1
DA:18,1
DA:42,17
DA:44,17
DA:50,3
DA:54,34
DA:55,17
DA:60,34
DA:65,10
DA:68,10
DA:69,1
DA:71,1
DA:81,10
DA:82,1
DA:84,1
DA:97,3
DA:99,8
DA:101,3
DA:102,3
DA:103,1
DA:104,1
DA:110,3
DA:115,2
DA:118,3
DA:120,3
DA:121,3
DA:122,3
DA:123,3
DA:124,3
DA:125,3
DA:128,1
DA:130,1
DA:141,2
DA:143,2
DA:145,4
DA:146,2
DA:148,2
DA:149,2
DA:151,2
DA:155,2
DA:159,2
DA:160,6
DA:167,1
DA:168,2
DA:169,1
DA:176,13
DA:177,26
DA:181,17
DA:182,17
DA:183,1
DA:185,1
LF:54
LH:54
end_of_record
SF:/Users/ademolafadumo/Invertase/firebase-admin-sdk/dart_firebase_admin/packages/dart_firebase_admin/lib/src/app/emulator_client.dart
DA:8,9
DA:13,9
DA:15,9
DA:16,18
DA:30,10
DA:34,0
DA:36,0
DA:38,9
DA:40,9
DA:41,9
DA:42,9
DA:43,9
DA:45,27
DA:46,18
DA:48,18
DA:51,10
DA:53,20
DA:56,0
DA:58,0
DA:60,0
DA:62,0
DA:64,0
DA:70,0
DA:72,0
DA:78,0
DA:80,0
DA:86,0
DA:88,0
DA:94,0
DA:96,0
DA:98,0
DA:100,0
DA:102,0
LF:33
LH:15
end_of_record
SF:/Users/ademolafadumo/Invertase/firebase-admin-sdk/dart_firebase_admin/packages/dart_firebase_admin/lib/src/app/app_exception.dart
DA:5,3
DA:6,3
DA:19,2
DA:21,0
DA:22,0
LF:5
LH:3
end_of_record
SF:/Users/ademolafadumo/Invertase/firebase-admin-sdk/dart_firebase_admin/packages/dart_firebase_admin/lib/src/app/environment.dart
DA:47,9
DA:49,26
DA:50,9
DA:63,5
DA:65,14
DA:66,5
LF:6
LH:6
end_of_record
SF:/Users/ademolafadumo/Invertase/firebase-admin-sdk/dart_firebase_admin/packages/dart_firebase_admin/lib/src/app/firebase_service.dart
DA:49,0
LF:1
LH:0
end_of_record
SF:/Users/ademolafadumo/Invertase/firebase-admin-sdk/dart_firebase_admin/packages/dart_firebase_admin/lib/src/app/app_options.dart
DA:8,17
DA:122,4
DA:123,4
DA:126,4
DA:127,4
DA:128,4
DA:129,4
DA:130,4
LF:8
LH:8
end_of_record
SF:/Users/ademolafadumo/Invertase/firebase-admin-sdk/dart_firebase_admin/packages/dart_firebase_admin/lib/src/app_check/app_check_request_handler.dart
DA:8,1
DA:9,1
DA:22,0
DA:23,0
DA:25,0
DA:26,0
DA:27,0
DA:39,0
DA:40,0
DA:42,0
DA:53,0
DA:54,0
DA:55,0
DA:61,0
DA:62,0
LF:15
LH:2
end_of_record
SF:/Users/ademolafadumo/Invertase/firebase-admin-sdk/dart_firebase_admin/packages/dart_firebase_admin/lib/src/app_check/app_check_http_client.dart
DA:9,1
DA:14,0
DA:15,0
DA:19,0
DA:20,0
DA:23,0
DA:26,0
DA:27,0
DA:28,0
DA:29,0
DA:31,0
DA:35,0
DA:38,0
DA:39,0
DA:43,0
DA:49,0
DA:50,0
DA:51,0
DA:57,0
DA:61,0
DA:62,0
DA:63,0
DA:66,0
DA:74,0
DA:76,0
DA:77,0
DA:78,0
DA:81,0
LF:28
LH:1
end_of_record
SF:/Users/ademolafadumo/Invertase/firebase-admin-sdk/dart_firebase_admin/packages/dart_firebase_admin/lib/src/app_check/app_check_exception.dart
DA:3,3
DA:27,1
DA:29,1
DA:31,1
DA:46,2
DA:47,6
DA:49,1
DA:50,2
DA:54,1
DA:58,2
DA:61,1
DA:65,2
DA:70,1
DA:75,1
DA:77,1
LF:15
LH:15
end_of_record
SF:/Users/ademolafadumo/Invertase/firebase-admin-sdk/dart_firebase_admin/packages/dart_firebase_admin/lib/src/app_check/app_check.dart
DA:22,1
DA:23,2
DA:26,1
DA:27,1
DA:44,0
DA:48,0
DA:50,0
DA:62,0
DA:66,0
DA:70,0
DA:71,0
DA:74,0
DA:76,0
DA:81,0
DA:83,0
DA:88,1
LF:16
LH:5
end_of_record
SF:/Users/ademolafadumo/Invertase/firebase-admin-sdk/dart_firebase_admin/packages/dart_firebase_admin/lib/src/auth/base_auth.dart
DA:3,4
DA:8,4
DA:9,4
DA:10,0
DA:11,4
DA:12,0
DA:13,0
DA:18,4
DA:23,4
DA:24,4
DA:55,0
DA:61,0
DA:88,0
DA:92,0
DA:120,0
DA:125,0
DA:153,0
DA:157,0
DA:170,0
DA:173,0
DA:174,0
DA:175,0
DA:176,0
DA:178,0
DA:179,0
DA:181,0
DA:183,0
DA:185,0
DA:186,0
DA:187,0
DA:188,0
DA:190,0
DA:191,0
DA:193,0
DA:195,0
DA:199,0
DA:211,0
DA:214,0
DA:215,0
DA:218,0
DA:219,0
DA:220,0
DA:223,0
DA:226,0
DA:237,0
DA:241,0
DA:242,0
DA:246,0
DA:247,0
DA:248,0
DA:252,0
DA:255,0
DA:269,0
DA:270,0
DA:271,0
DA:272,0
DA:273,0
DA:274,0
DA:277,0
DA:279,0
DA:290,0
DA:291,0
DA:292,0
DA:293,0
DA:294,0
DA:296,0
DA:306,0
DA:310,0
DA:334,0
DA:338,0
DA:358,0
DA:362,0
DA:363,0
DA:369,0
DA:388,0
DA:389,0
DA:400,0
DA:404,0
DA:410,0
DA:414,0
DA:415,0
DA:421,0
DA:430,0
DA:434,0
DA:435,0
DA:436,0
DA:442,0
DA:444,0
DA:445,0
DA:468,1
DA:472,2
DA:489,1
DA:493,2
DA:499,3
DA:501,2
DA:511,1
DA:512,2
DA:533,0
DA:534,0
DA:536,0
DA:541,0
DA:542,0
DA:544,0
DA:545,0
DA:546,0
DA:547,0
DA:548,0
DA:550,0
DA:556,0
DA:559,0
DA:563,0
DA:566,0
DA:568,0
DA:570,0
DA:580,1
DA:581,2
DA:583,1
DA:597,1
DA:598,2
DA:602,1
DA:614,1
DA:615,2
DA:617,1
DA:631,1
DA:638,1
DA:639,0
DA:640,1
DA:641,0
DA:644,2
DA:650,1
DA:667,0
DA:668,0
DA:673,0
DA:677,0
DA:678,0
DA:680,0
DA:681,0
DA:682,0
DA:683,0
DA:684,0
DA:685,0
DA:686,0
DA:687,0
DA:688,0
DA:691,0
DA:696,0
DA:698,0
DA:708,1
DA:709,1
DA:710,1
DA:712,2
DA:713,2
DA:714,2
DA:716,0
DA:734,1
DA:742,1
DA:744,1
DA:745,0
DA:746,0
DA:752,0
DA:753,1
DA:754,0
DA:755,0
DA:761,0
DA:763,1
DA:764,0
DA:769,0
DA:770,0
DA:778,2
DA:782,1
DA:790,1
DA:802,0
DA:816,0
DA:840,1
LF:174
LH:44
end_of_record
SF:/Users/ademolafadumo/Invertase/firebase-admin-sdk/dart_firebase_admin/packages/dart_firebase_admin/lib/src/auth/auth_config.dart
DA:10,0
DA:13,0
DA:34,0
DA:50,0
DA:102,0
DA:112,0
DA:115,0
DA:118,0
DA:123,0
DA:165,0
DA:174,0
DA:179,0
DA:205,0
DA:216,0
DA:262,0
DA:270,0
DA:313,0
DA:323,0
DA:333,0
DA:336,0
DA:337,0
DA:338,0
DA:340,0
DA:346,0
DA:348,0
DA:354,0
DA:356,0
DA:357,0
DA:360,0
DA:361,0
DA:362,0
DA:363,0
DA:364,0
DA:370,0
DA:374,0
DA:375,0
DA:376,0
DA:382,0
DA:383,0
DA:390,0
DA:392,0
DA:393,0
DA:401,0
DA:403,0
DA:404,0
DA:412,0
DA:414,0
DA:415,0
DA:421,0
DA:423,0
DA:426,0
DA:427,0
DA:433,0
DA:434,0
DA:442,0
DA:446,0
DA:449,0
DA:451,0
DA:452,0
DA:453,0
DA:454,0
DA:455,0
DA:456,0
DA:457,0
DA:458,0
DA:459,0
DA:460,0
DA:467,0
DA:469,0
DA:471,0
DA:472,0
DA:475,0
DA:478,0
DA:479,0
DA:484,0
DA:495,0
DA:498,0
DA:499,0
DA:500,0
DA:501,0
DA:502,0
DA:503,0
DA:513,0
DA:519,0
DA:522,0
DA:523,0
DA:526,0
DA:528,0
DA:529,0
DA:533,0
DA:538,0
DA:541,0
DA:543,0
DA:544,0
DA:545,0
DA:546,0
DA:548,0
DA:549,0
DA:550,0
DA:553,0
DA:554,0
DA:555,0
DA:557,0
DA:558,0
DA:559,0
DA:560,0
DA:561,0
DA:562,0
DA:563,0
DA:567,0
DA:572,0
DA:574,0
DA:576,0
DA:577,0
DA:580,0
DA:583,0
DA:584,0
DA:587,0
DA:592,0
DA:593,0
DA:594,0
DA:595,0
DA:602,0
DA:610,0
DA:612,0
DA:613,0
DA:619,0
DA:621,0
DA:622,0
DA:628,0
DA:630,0
DA:631,0
DA:639,0
DA:641,0
DA:642,0
DA:648,0
DA:651,0
DA:656,0
DA:657,0
DA:658,0
DA:670,27
DA:677,1
DA:679,1
DA:680,1
DA:681,1
DA:690,1
DA:701,2
DA:715,1
DA:728,0
DA:760,0
DA:762,0
DA:763,0
DA:764,0
DA:765,0
DA:766,0
DA:767,0
DA:768,0
DA:769,0
DA:770,0
DA:772,0
DA:773,0
DA:774,0
DA:775,0
DA:790,1
DA:798,1
DA:799,1
DA:800,1
DA:827,0
DA:854,0
DA:855,0
DA:856,0
DA:857,0
DA:858,0
DA:859,0
DA:860,0
DA:861,0
DA:868,0
DA:875,0
DA:876,0
DA:877,0
DA:879,0
DA:882,0
DA:883,0
DA:890,1
DA:899,1
DA:907,1
DA:910,1
DA:911,1
DA:913,1
DA:921,1
DA:933,0
DA:947,0
DA:952,0
DA:953,0
DA:954,0
DA:955,0
DA:956,0
DA:972,0
DA:975,0
DA:976,0
DA:977,0
DA:978,0
DA:980,0
DA:981,0
LF:204
LH:19
end_of_record
SF:/Users/ademolafadumo/Invertase/firebase-admin-sdk/dart_firebase_admin/packages/dart_firebase_admin/lib/src/auth/tenant.dart
DA:19,3
DA:85,1
DA:102,1
DA:103,2
DA:105,0
DA:113,1
DA:116,0
DA:123,1
DA:124,1
DA:125,1
DA:130,1
DA:131,0
DA:132,0
DA:137,1
DA:138,0
DA:139,0
DA:140,0
DA:141,0
DA:142,0
DA:143,0
DA:146,0
DA:147,0
DA:148,0
DA:149,0
DA:150,0
DA:157,1
DA:158,0
DA:159,0
DA:164,1
DA:165,0
DA:166,0
DA:171,1
DA:172,0
DA:173,0
DA:175,0
DA:179,1
DA:181,1
DA:183,1
DA:219,2
DA:222,2
DA:225,0
DA:228,0
DA:235,1
DA:239,1
DA:240,1
DA:242,1
DA:243,1
DA:244,1
DA:246,1
DA:249,1
DA:250,2
DA:253,1
DA:254,2
DA:257,1
DA:258,2
DA:259,1
DA:263,1
DA:265,2
DA:268,1
DA:269,3
DA:272,1
DA:273,2
DA:274,1
DA:278,1
DA:279,1
DA:280,1
DA:281,1
DA:285,1
DA:286,2
DA:287,1
DA:297,1
DA:300,2
DA:301,2
DA:304,1
DA:311,1
DA:315,3
DA:316,1
DA:318,1
DA:323,1
DA:324,2
DA:325,1
DA:332,1
DA:335,2
DA:336,1
DA:342,2
DA:344,1
DA:345,1
DA:347,1
DA:352,2
DA:353,0
DA:355,0
DA:362,1
DA:364,2
DA:368,0
DA:369,0
DA:370,0
DA:372,0
DA:373,0
DA:374,0
DA:375,0
DA:376,0
DA:377,0
DA:378,0
DA:379,0
DA:380,0
DA:381,0
DA:382,0
DA:383,0
DA:384,0
DA:385,0
DA:386,0
LF:111
LH:67
end_of_record
SF:/Users/ademolafadumo/Invertase/firebase-admin-sdk/dart_firebase_admin/packages/dart_firebase_admin/lib/src/auth/auth_config_tenant.dart
DA:23,4
DA:32,2
DA:33,2
DA:34,3
DA:40,1
DA:42,1
DA:43,1
DA:45,0
DA:51,1
DA:53,1
DA:54,1
DA:59,1
DA:62,1
DA:64,2
DA:65,1
DA:66,2
DA:78,0
DA:79,0
DA:80,0
DA:81,0
DA:103,1
DA:104,1
DA:105,3
DA:106,0
DA:108,0
DA:116,4
DA:125,2
DA:126,3
DA:127,3
DA:133,1
DA:135,1
DA:138,1
DA:140,0
DA:146,1
DA:147,1
DA:150,2
DA:152,1
DA:153,1
DA:158,1
DA:159,1
DA:160,1
DA:164,1
DA:165,1
DA:167,3
DA:169,1
DA:170,1
DA:171,3
DA:173,1
DA:174,1
DA:177,1
DA:189,0
DA:190,0
DA:191,0
DA:192,0
DA:204,4
DA:212,4
DA:218,2
DA:219,2
DA:220,4
DA:227,1
DA:233,1
DA:234,1
DA:235,2
DA:252,0
DA:253,0
DA:254,0
DA:255,0
DA:265,4
DA:280,2
DA:281,1
DA:282,3
DA:283,1
DA:284,3
DA:285,3
DA:291,0
DA:297,0
DA:300,0
DA:302,0
DA:303,0
DA:304,0
DA:307,0
DA:308,0
DA:309,0
DA:312,0
DA:316,1
DA:317,1
DA:319,1
DA:320,1
DA:321,2
DA:323,1
DA:324,3
DA:326,1
DA:327,0
DA:342,0
DA:343,0
DA:344,0
DA:345,0
DA:346,0
DA:347,0
DA:348,0
DA:364,0
DA:365,0
DA:366,0
DA:367,0
DA:374,2
DA:401,2
DA:402,3
DA:403,3
DA:404,1
DA:405,2
DA:406,3
DA:407,3
DA:408,3
DA:414,4
DA:429,2
DA:430,4
DA:431,1
DA:432,2
DA:433,4
DA:439,0
DA:445,0
DA:448,0
DA:450,0
DA:457,0
DA:458,0
DA:459,0
DA:461,0
DA:463,0
DA:464,0
DA:465,0
DA:467,0
DA:468,0
DA:469,0
DA:470,0
DA:475,0
DA:476,0
DA:479,0
DA:484,1
DA:485,1
DA:487,1
DA:488,1
DA:489,2
DA:491,2
DA:493,1
DA:494,1
DA:496,2
DA:498,2
DA:500,2
DA:502,2
DA:503,2
DA:504,2
DA:506,2
DA:507,1
DA:523,0
DA:524,0
DA:525,0
DA:526,0
DA:527,0
DA:528,0
DA:538,4
DA:543,4
DA:544,2
DA:545,4
LF:163
LH:101
end_of_record
SF:/Users/ademolafadumo/Invertase/firebase-admin-sdk/dart_firebase_admin/packages/dart_firebase_admin/lib/src/auth/token_verifier.dart
DA:5,0
DA:10,4
DA:17,8
DA:18,0
DA:23,8
DA:24,0
DA:29,8
DA:30,0
DA:54,4
DA:60,4
DA:63,12
DA:66,4
DA:76,0
DA:80,0
DA:81,0
DA:82,0
DA:83,0
DA:85,0
DA:91,0
DA:94,0
DA:100,0
DA:101,0
DA:108,0
DA:109,0
DA:110,0
DA:111,0
DA:115,0
DA:116,0
DA:119,0
DA:125,0
DA:126,0
DA:127,0
DA:129,0
DA:130,0
DA:134,0
DA:140,0
DA:141,0
DA:147,0
DA:148,0
DA:150,0
DA:151,0
DA:153,0
DA:154,0
DA:155,0
DA:160,0
DA:161,0
DA:165,0
DA:166,0
DA:167,0
DA:168,0
DA:172,0
DA:173,0
DA:174,0
DA:176,0
DA:177,0
DA:178,0
DA:180,0
DA:183,0
DA:184,0
DA:185,0
DA:186,0
DA:191,0
DA:192,0
DA:193,0
DA:194,0
DA:197,0
DA:198,0
DA:199,0
DA:200,0
DA:203,0
DA:204,0
DA:205,0
DA:206,0
DA:209,0
DA:210,0
DA:211,0
DA:214,0
DA:215,0
DA:216,0
DA:219,0
DA:220,0
DA:221,0
DA:228,0
DA:229,0
DA:230,0
DA:231,0
DA:232,0
DA:233,0
DA:234,0
DA:235,0
DA:237,0
DA:238,0
DA:241,0
DA:242,0
DA:243,0
DA:245,0
DA:249,0
DA:250,0
DA:251,0
DA:252,0
DA:254,0
DA:259,0
DA:261,0
DA:267,0
DA:276,1
DA:278,2
DA:279,1
DA:280,1
DA:281,1
DA:282,1
DA:322,1
DA:338,1
DA:340,1
DA:341,1
DA:342,1
DA:343,2
DA:345,1
DA:346,1
DA:347,1
DA:348,2
DA:349,1
DA:350,1
DA:351,1
DA:352,1
DA:353,1
DA:354,1
DA:437,0
DA:438,0
DA:448,0
DA:449,0
DA:450,0
DA:451,0
DA:452,0
DA:458,12
DA:463,4
DA:464,4
DA:465,4
DA:466,4
DA:467,4
DA:473,12
DA:474,4
LF:141
LH:38
end_of_record
SF:/Users/ademolafadumo/Invertase/firebase-admin-sdk/dart_firebase_admin/packages/dart_firebase_admin/lib/src/auth/user.dart
DA:4,4
DA:16,1
DA:35,1
DA:39,1
DA:42,0
DA:48,1
DA:49,1
DA:51,1
DA:52,1
DA:54,2
DA:55,2
DA:62,3
DA:64,1
DA:66,1
DA:68,0
DA:69,0
DA:74,1
DA:77,1
DA:79,2
DA:84,1
DA:87,2
DA:91,1
DA:93,1
DA:94,1
DA:95,1
DA:96,1
DA:97,1
DA:100,1
DA:102,1
DA:104,1
DA:176,0
DA:177,0
DA:178,0
DA:179,0
DA:180,0
DA:181,0
DA:182,0
DA:183,0
DA:184,0
DA:185,0
DA:187,0
DA:188,0
DA:189,0
DA:190,0
DA:191,0
DA:192,0
DA:196,0
DA:197,0
DA:199,0
DA:200,0
DA:202,0
DA:209,0
DA:218,1
DA:220,1
DA:221,1
DA:222,1
DA:223,1
DA:224,1
DA:225,1
DA:226,2
DA:227,0
DA:238,0
DA:239,0
DA:240,0
DA:241,0
DA:242,0
DA:243,0
DA:244,0
DA:245,0
DA:251,1
DA:253,1
DA:256,1
DA:257,3
DA:260,1
DA:261,1
DA:267,0
DA:268,0
DA:269,0
DA:276,0
DA:282,1
DA:284,2
DA:285,0
DA:290,1
DA:291,1
DA:292,1
DA:293,1
DA:300,1
DA:305,1
DA:309,1
DA:336,0
DA:337,0
DA:338,0
DA:339,0
DA:340,0
DA:341,0
DA:349,1
DA:351,1
DA:352,1
DA:357,0
DA:360,0
DA:362,0
DA:369,0
DA:376,2
DA:378,2
DA:379,4
DA:381,6
DA:382,4
DA:384,4
DA:390,1
DA:391,1
DA:392,3
DA:393,3
DA:394,2
DA:402,2
LF:114
LH:65
end_of_record
SF:/Users/ademolafadumo/Invertase/firebase-admin-sdk/dart_firebase_admin/packages/dart_firebase_admin/lib/src/auth/action_code_settings_builder.dart
DA:4,0
DA:12,0
DA:34,0
DA:82,0
DA:83,0
DA:84,0
DA:85,0
DA:86,0
DA:87,0
DA:88,0
DA:89,0
DA:90,0
DA:91,0
DA:94,0
DA:95,0
DA:96,0
DA:101,0
DA:103,0
DA:104,0
DA:111,0
DA:113,0
DA:114,0
DA:119,0
DA:120,0
DA:121,0
DA:137,0
DA:140,0
DA:141,0
DA:142,0
DA:143,0
DA:144,0
DA:145,0
DA:146,0
LF:33
LH:0
end_of_record
SF:/Users/ademolafadumo/Invertase/firebase-admin-sdk/dart_firebase_admin/packages/dart_firebase_admin/lib/src/auth/auth_http_client.dart
DA:4,4
DA:12,2
DA:14,6
DA:15,2
DA:18,2
DA:21,0
DA:26,6
DA:28,6
DA:31,3
DA:33,9
DA:34,2
DA:37,3
DA:41,6
DA:44,0
DA:48,1
DA:49,1
DA:53,0
DA:54,0
DA:58,0
DA:59,0
DA:63,1
DA:64,1
DA:67,0
DA:70,0
DA:71,0
DA:72,0
DA:73,0
DA:76,0
DA:77,0
DA:78,0
DA:81,0
DA:82,0
DA:84,0
DA:88,0
DA:90,0
DA:91,0
DA:101,0
DA:103,0
DA:104,0
DA:105,0
DA:108,0
DA:109,0
DA:116,0
DA:117,0
DA:124,0
DA:126,0
DA:127,0
DA:128,0
DA:131,0
DA:132,0
DA:139,0
DA:140,0
DA:147,0
DA:151,0
DA:152,0
DA:154,0
DA:157,0
DA:158,0
DA:159,0
DA:169,0
DA:173,0
DA:174,0
DA:176,0
DA:179,0
DA:180,0
DA:181,0
DA:191,0
DA:192,0
DA:193,0
DA:194,0
DA:199,0
DA:200,0
DA:201,0
DA:202,0
DA:207,0
DA:213,0
DA:214,0
DA:216,0
DA:220,0
DA:221,0
DA:231,0
DA:237,0
DA:238,0
DA:240,0
DA:244,0
DA:245,0
DA:255,1
DA:259,2
DA:263,2
DA:265,1
DA:267,0
DA:273,0
DA:275,0
DA:276,0
DA:277,0
DA:280,0
DA:281,0
DA:282,0
DA:292,0
DA:294,0
DA:295,0
DA:296,0
DA:299,0
DA:300,0
DA:301,0
DA:312,1
DA:315,2
DA:316,1
DA:317,0
DA:323,3
DA:324,1
DA:327,3
DA:328,0
DA:338,1
DA:340,2
DA:341,3
DA:342,1
DA:351,1
DA:352,2
DA:353,1
DA:354,0
DA:360,3
DA:361,1
DA:366,1
DA:369,2
DA:370,3
DA:372,1
DA:375,3
DA:376,0
DA:386,1
DA:390,2
DA:391,1
DA:392,0
DA:398,1
DA:399,3
DA:401,3
DA:407,3
DA:408,0
DA:418,2
DA:421,4
DA:423,2
DA:424,2
DA:425,6
DA:426,4
DA:428,2
DA:432,1
DA:434,1
DA:435,2
DA:436,3
DA:441,1
DA:443,1
DA:444,2
DA:445,3
DA:450,0
DA:452,0
DA:453,0
DA:454,0
DA:462,2
DA:466,0
DA:468,0
DA:470,0
DA:472,0
DA:474,0
DA:476,0
LF:164
LH:63
end_of_record
SF:/Users/ademolafadumo/Invertase/firebase-admin-sdk/dart_firebase_admin/packages/dart_firebase_admin/lib/src/auth/tenant_manager.dart
DA:21,2
DA:50,2
DA:51,2
DA:53,2
DA:54,2
DA:72,0
DA:77,0
DA:83,0
DA:84,0
DA:102,0
DA:108,0
DA:110,0
DA:123,0
DA:128,0
DA:134,0
DA:135,0
DA:156,2
DA:157,2
DA:158,2
DA:169,2
DA:170,2
DA:171,2
DA:177,4
DA:179,6
DA:188,1
DA:189,2
DA:190,1
DA:203,1
DA:207,2
DA:212,1
DA:213,1
DA:215,2
DA:216,1
DA:217,1
DA:222,1
DA:224,1
DA:233,1
DA:234,2
DA:245,1
DA:246,2
DA:247,1
DA:256,1
DA:260,2
DA:264,1
LF:44
LH:33
end_of_record
SF:/Users/ademolafadumo/Invertase/firebase-admin-sdk/dart_firebase_admin/packages/dart_firebase_admin/lib/src/auth/auth_request_handler.dart
DA:34,4
DA:35,4
DA:40,6
DA:44,0
DA:50,0
DA:61,0
DA:62,0
DA:68,0
DA:69,0
DA:70,0
DA:73,0
DA:74,0
DA:80,0
DA:81,0
DA:86,0
DA:88,0
DA:92,0
DA:93,0
DA:94,0
DA:101,0
DA:103,0
DA:107,0
DA:108,0
DA:109,0
DA:115,0
DA:118,0
DA:119,0
DA:121,0
DA:123,0
DA:125,0
DA:126,0
DA:136,0
DA:139,0
DA:140,0
DA:142,0
DA:144,0
DA:146,0
DA:147,0
DA:157,0
DA:161,0
DA:162,0
DA:165,0
DA:167,0
DA:169,0
DA:172,0
DA:173,0
DA:183,0
DA:185,0
DA:186,0
DA:189,0
DA:192,0
DA:193,0
DA:194,0
DA:197,0
DA:198,0
DA:202,0
DA:207,0
DA:208,0
DA:211,0
DA:215,0
DA:217,0
DA:218,0
DA:220,0
DA:223,0
DA:225,0
DA:226,0
DA:236,0
DA:241,0
DA:242,0
DA:245,0
DA:249,0
DA:250,0
DA:251,0
DA:253,0
DA:256,0
DA:258,0
DA:259,0
DA:268,0
DA:270,0
DA:271,0
DA:274,0
DA:277,0
DA:279,0
DA:280,0
DA:283,0
DA:287,0
DA:288,0
DA:289,0
DA:292,0
DA:296,0
DA:297,0
DA:298,0
DA:301,0
DA:307,0
DA:309,0
DA:311,0
DA:313,0
DA:316,0
DA:318,0
DA:319,0
DA:323,0
DA:324,0
DA:325,0
DA:330,0
DA:335,0
DA:336,0
DA:337,0
DA:340,0
DA:356,1
DA:364,1
DA:367,1
DA:373,1
DA:374,1
DA:377,2
DA:378,0
DA:385,1
DA:386,0
DA:389,3
DA:390,3
DA:396,2
DA:413,1
DA:416,0
DA:417,0
DA:419,2
DA:420,0
DA:427,3
DA:428,3
DA:437,1
DA:440,1
DA:442,3
DA:443,3
DA:444,1
DA:450,0
DA:452,0
DA:453,0
DA:454,0
DA:455,0
DA:461,0
DA:462,0
DA:463,0
DA:476,1
DA:477,3
DA:478,2
DA:479,3
DA:480,1
DA:481,1
DA:483,2
DA:484,1
DA:485,1
DA:486,1
DA:487,1
DA:488,1
DA:489,1
DA:491,1
DA:492,2
DA:493,1
DA:498,1
DA:500,0
DA:510,1
DA:514,3
DA:515,2
DA:516,1
DA:517,1
DA:518,0
DA:527,1
DA:530,1
DA:531,2
DA:534,2
DA:538,1
DA:541,1
DA:543,1
DA:544,2
DA:547,2
DA:551,1
DA:553,1
DA:555,1
DA:556,1
DA:557,1
DA:561,2
DA:564,1
DA:569,2
DA:570,0
DA:573,1
DA:574,1
DA:575,1
DA:576,1
DA:584,2
DA:588,0
DA:590,0
DA:591,0
DA:592,0
DA:594,0
DA:595,0
DA:601,0
DA:603,0
DA:605,0
DA:606,0
DA:607,0
DA:608,0
DA:609,0
DA:610,0
DA:611,0
DA:612,0
DA:613,0
DA:614,0
DA:615,0
DA:616,0
DA:620,0
DA:621,0
DA:632,1
DA:636,1
DA:638,1
DA:640,0
DA:641,0
DA:646,0
DA:647,0
DA:653,1
DA:655,0
DA:656,0
DA:657,0
DA:667,3
DA:669,3
DA:671,3
DA:676,1
DA:677,1
DA:678,1
DA:685,1
DA:687,1
DA:688,0
DA:690,1
DA:692,0
DA:693,0
DA:696,1
DA:698,1
DA:699,1
DA:701,1
DA:703,2
DA:704,1
DA:705,1
DA:708,1
DA:710,2
DA:712,2
DA:717,2
DA:718,1
DA:723,4
DA:729,1
DA:730,1
DA:731,1
DA:737,2
DA:738,1
DA:743,1
DA:747,2
DA:752,1
DA:753,1
DA:754,3
DA:755,2
DA:759,1
DA:760,1
DA:761,1
DA:762,2
DA:767,1
DA:768,1
DA:769,0
DA:775,2
DA:779,1
DA:782,1
DA:783,1
DA:786,2
DA:787,1
DA:791,1
DA:795,1
DA:796,0
DA:802,1
DA:803,1
DA:806,2
DA:807,1
DA:811,1
DA:814,1
DA:815,2
DA:816,3
DA:817,1
DA:818,2
DA:819,1
DA:820,2
DA:821,1
DA:822,2
DA:823,1
DA:824,3
DA:825,1
DA:826,0
DA:827,1
DA:828,0
DA:829,1
DA:830,0
DA:831,1
DA:832,0
DA:833,0
DA:835,1
DA:836,0
DA:837,0
DA:842,1
DA:845,1
DA:846,3
DA:847,1
DA:848,2
DA:849,1
DA:850,0
DA:854,0
DA:857,0
DA:858,0
DA:859,0
DA:860,0
DA:862,0
DA:863,0
DA:864,0
DA:869,0
DA:872,0
DA:873,0
DA:874,0
DA:875,0
DA:876,0
DA:877,0
DA:878,0
DA:882,0
DA:885,0
DA:886,0
DA:887,0
DA:888,0
DA:889,0
DA:890,0
DA:891,0
DA:892,0
DA:893,0
DA:894,0
DA:895,0
DA:897,0
DA:898,0
DA:899,0
DA:901,0
DA:902,0
DA:903,0
DA:905,0
DA:906,0
DA:908,0
DA:909,0
DA:911,0
DA:912,0
DA:913,0
DA:914,0
DA:915,0
DA:916,0
DA:917,0
DA:918,0
DA:919,0
DA:922,0
DA:926,0
DA:929,0
DA:930,0
DA:931,0
DA:938,2
DA:939,2
DA:944,0
DA:945,0
LF:363
LH:146
end_of_record
SF:/Users/ademolafadumo/Invertase/firebase-admin-sdk/dart_firebase_admin/packages/dart_firebase_admin/lib/src/auth/user_import_builder.dart
DA:24,0
DA:77,0
DA:84,1
DA:107,1
DA:138,1
DA:213,0
DA:226,1
DA:231,4
DA:232,2
DA:233,1
DA:234,1
DA:248,1
DA:249,1
DA:250,2
DA:251,2
DA:252,2
DA:253,2
DA:254,2
DA:255,2
DA:256,2
DA:257,2
DA:258,2
DA:262,1
DA:266,1
DA:267,4
DA:268,4
DA:269,1
DA:270,1
DA:271,1
DA:272,0
DA:274,0
DA:275,0
DA:277,0
DA:283,2
DA:288,1
DA:292,1
DA:295,0
DA:301,0
DA:302,0
DA:303,0
DA:304,0
DA:305,0
DA:306,0
DA:308,0
DA:309,0
DA:311,0
DA:315,0
DA:316,0
DA:317,0
DA:320,0
DA:321,0
DA:322,0
DA:323,0
DA:325,0
DA:326,0
DA:329,0
DA:330,0
DA:331,0
DA:333,0
DA:337,0
DA:338,0
DA:342,0
DA:343,0
DA:344,0
DA:345,0
DA:346,0
DA:347,0
DA:349,0
DA:353,0
DA:354,0
DA:358,0
DA:359,0
DA:361,0
DA:362,0
DA:364,0
DA:367,0
DA:368,0
DA:369,0
DA:370,0
DA:372,0
DA:375,0
DA:376,0
DA:377,0
DA:378,0
DA:380,0
DA:383,0
DA:385,0
DA:386,0
DA:387,0
DA:390,0
DA:393,0
DA:394,0
DA:396,0
DA:397,0
DA:399,0
DA:400,0
DA:402,0
DA:405,0
DA:407,0
DA:408,0
DA:410,0
DA:413,0
DA:415,0
DA:416,0
DA:418,0
DA:421,0
DA:423,0
DA:424,0
DA:426,0
DA:430,0
DA:431,0
DA:447,1
DA:451,1
DA:452,2
DA:454,1
DA:455,1
DA:456,0
DA:460,1
DA:462,4
DA:463,0
DA:464,0
DA:465,0
DA:479,1
DA:483,1
DA:484,0
DA:485,0
DA:487,1
DA:488,1
DA:489,2
DA:490,1
DA:491,1
DA:492,1
DA:493,1
DA:494,1
DA:497,1
DA:499,1
DA:500,1
DA:501,1
DA:502,1
DA:503,1
DA:504,1
DA:505,1
DA:506,1
DA:507,1
DA:510,0
DA:511,1
DA:512,3
DA:513,2
DA:514,2
DA:515,1
DA:516,1
DA:519,1
LF:152
LH:63
end_of_record
SF:/Users/ademolafadumo/Invertase/firebase-admin-sdk/dart_firebase_admin/packages/dart_firebase_admin/lib/src/auth/auth_exception.dart
DA:5,3
DA:6,3
DA:7,3
DA:8,3
DA:9,0
DA:12,1
DA:18,1
DA:20,2
DA:21,0
DA:22,0
DA:26,1
DA:29,1
DA:31,1
DA:34,0
DA:35,0
DA:41,1
DA:46,0
DA:47,0
DA:605,2
DA:607,2
DA:609,2
DA:610,2
DA:615,0
DA:620,1
DA:621,1
DA:622,1
DA:623,1
DA:624,1
DA:625,1
DA:631,0
LF:30
LH:21
end_of_record
SF:/Users/ademolafadumo/Invertase/firebase-admin-sdk/dart_firebase_admin/packages/dart_firebase_admin/lib/src/auth/token_generator.dart
DA:28,4
DA:29,4
DA:30,2
DA:31,0
DA:42,0
DA:47,0
DA:49,0
DA:54,0
DA:60,0
DA:62,0
DA:63,0
DA:64,0
DA:66,0
DA:73,0
DA:75,0
DA:76,0
DA:77,0
DA:78,0
DA:79,0
DA:80,0
DA:81,0
DA:82,0
DA:83,0
DA:84,0
DA:85,0
DA:88,0
DA:89,0
DA:91,0
DA:92,0
DA:93,0
DA:97,0
DA:98,0
DA:100,0
DA:101,0
DA:107,0
DA:108,0
DA:109,0
DA:110,0
DA:114,0
DA:116,0
DA:118,0
DA:128,0
DA:131,0
DA:132,0
DA:134,0
LF:45
LH:3
end_of_record
SF:/Users/ademolafadumo/Invertase/firebase-admin-sdk/dart_firebase_admin/packages/dart_firebase_admin/lib/src/auth/auth.dart
DA:7,4
DA:11,4
DA:12,4
DA:13,8
DA:17,4
DA:18,4
DA:20,4
DA:23,3
DA:27,3
DA:29,9
DA:30,3
DA:45,2
DA:46,6
LF:13
LH:13
end_of_record
SF:/Users/ademolafadumo/Invertase/firebase-admin-sdk/dart_firebase_admin/packages/dart_firebase_admin/lib/src/auth/identifier.dart
DA:16,0
DA:17,0
DA:18,0
DA:20,0
DA:21,0
DA:33,0
DA:34,0
DA:44,0
DA:45,0
DA:55,0
DA:56,0
LF:11
LH:0
end_of_record
SF:/Users/ademolafadumo/Invertase/firebase-admin-sdk/dart_firebase_admin/packages/dart_firebase_admin/lib/src/app_check/app_check_api.dart
DA:6,0
DA:17,0
DA:18,0
DA:19,0
DA:20,0
DA:52,0
DA:78,0
DA:87,0
DA:88,0
DA:89,0
DA:90,0
DA:91,0
DA:92,0
DA:93,0
DA:94,0
LF:15
LH:0
end_of_record
SF:/Users/ademolafadumo/Invertase/firebase-admin-sdk/dart_firebase_admin/packages/dart_firebase_admin/lib/src/google_cloud_firestore/geo_point.dart
DA:7,1
DA:8,2
DA:9,1
DA:10,1
DA:15,2
DA:16,1
DA:17,1
DA:23,5
DA:24,1
DA:25,1
DA:30,5
DA:31,1
DA:32,1
DA:40,0
DA:41,0
DA:42,0
DA:43,0
DA:53,0
DA:55,0
DA:56,0
DA:57,0
DA:58,0
DA:63,0
DA:65,0
DA:66,0
DA:67,0
DA:70,0
DA:71,0
LF:28
LH:13
end_of_record
SF:/Users/ademolafadumo/Invertase/firebase-admin-sdk/dart_firebase_admin/packages/dart_firebase_admin/lib/src/google_cloud_firestore/reference.dart
DA:4,6
DA:8,12
DA:10,30
DA:13,18
DA:23,1
DA:24,3
DA:26,1
DA:27,1
DA:28,2
DA:35,6
DA:44,6
DA:46,6
DA:48,3
DA:51,12
DA:52,6
DA:53,1
DA:55,1
DA:61,12
DA:62,6
DA:63,0
DA:71,6
DA:72,6
DA:74,12
DA:85,6
DA:86,24
DA:87,18
DA:89,12
DA:92,24
DA:93,6
DA:94,6
DA:99,18
DA:100,6
DA:104,6
DA:106,12
DA:107,6
DA:109,18
DA:116,3
DA:117,9
DA:118,3
DA:120,3
DA:121,3
DA:126,9
DA:129,2
DA:134,2
DA:135,2
DA:136,8
DA:141,5
DA:144,9
DA:150,7
DA:171,21
DA:174,9
DA:177,1
DA:178,1
DA:179,1
DA:180,2
DA:181,1
DA:187,7
DA:188,7
DA:189,35
DA:190,7
DA:204,7
DA:205,28
DA:206,7
DA:210,21
DA:213,28
DA:215,7
DA:218,14
DA:219,13
DA:221,20
DA:228,6
DA:232,6
DA:233,6
DA:234,6
DA:239,3
DA:240,9
DA:241,3
DA:263,3
DA:264,9
DA:266,3
DA:267,3
DA:274,7
DA:275,14
DA:276,7
DA:278,7
DA:279,7
DA:284,7
DA:285,21
DA:287,7
DA:288,7
DA:301,1
DA:305,2
DA:306,2
DA:307,1
DA:308,4
DA:311,1
DA:312,1
DA:327,6
DA:328,6
DA:330,12
DA:331,6
DA:332,1
DA:334,1
DA:340,6
DA:341,6
DA:350,1
DA:352,2
DA:355,3
DA:357,3
DA:358,9
DA:359,9
DA:360,9
DA:361,9
DA:364,1
DA:365,5
DA:368,1
DA:372,3
DA:374,2
DA:375,2
DA:381,1
DA:383,1
DA:384,0
DA:385,1
DA:386,0
DA:387,1
DA:388,0
DA:389,1
DA:390,0
DA:391,1
DA:392,0
DA:393,0
DA:394,1
DA:395,0
DA:396,1
DA:397,0
DA:398,0
DA:402,0
DA:403,0
DA:404,0
DA:405,0
DA:407,0
DA:409,1
DA:410,0
DA:411,1
DA:412,2
DA:413,1
DA:414,2
DA:415,0
DA:416,0
DA:423,2
DA:428,1
DA:430,1
DA:431,3
DA:432,3
DA:433,3
DA:436,0
DA:438,0
DA:459,2
DA:467,2
DA:468,2
DA:469,6
DA:470,4
DA:474,1
DA:476,1
DA:477,3
DA:478,3
DA:481,0
DA:482,0
DA:509,6
DA:512,6
DA:516,6
DA:517,6
DA:518,6
DA:521,6
DA:522,6
DA:527,2
DA:531,2
DA:536,2
DA:537,2
DA:541,12
DA:543,0
DA:544,0
DA:546,0
DA:547,0
DA:548,0
DA:549,0
DA:550,0
DA:551,0
DA:552,0
DA:553,0
DA:554,0
DA:555,0
DA:556,0
DA:585,3
DA:591,0
DA:601,0
DA:603,0
DA:604,0
DA:605,0
DA:608,3
DA:610,18
DA:612,2
DA:613,2
DA:614,4
DA:615,10
DA:620,0
DA:622,0
DA:623,0
DA:624,0
DA:625,0
DA:628,0
DA:629,0
DA:633,3
DA:645,0
DA:646,0
DA:648,3
DA:649,3
DA:651,0
DA:652,0
DA:654,0
DA:655,0
DA:656,0
DA:657,0
DA:658,0
DA:661,3
DA:663,3
DA:664,6
DA:665,0
DA:666,0
DA:667,0
DA:668,0
DA:674,1
DA:675,1
DA:676,3
DA:677,2
DA:682,3
DA:683,3
DA:684,9
DA:685,6
DA:686,6
DA:691,2
DA:693,2
DA:694,6
DA:695,6
DA:696,6
DA:699,1
DA:700,4
DA:705,6
DA:710,0
DA:714,0
DA:715,0
DA:716,0
DA:719,0
DA:721,0
DA:722,0
DA:727,0
DA:728,0
DA:741,0
DA:746,0
DA:747,0
DA:748,0
DA:755,2
DA:762,0
DA:768,0
DA:772,0
DA:775,6
DA:776,1
DA:782,2
DA:783,2
DA:785,6
DA:786,2
DA:788,8
DA:789,1
DA:790,0
DA:796,4
DA:797,10
DA:803,2
DA:808,2
DA:809,0
DA:816,2
DA:817,2
DA:827,2
DA:832,4
DA:834,0
DA:838,0
DA:839,0
DA:840,0
DA:842,0
DA:848,0
DA:849,0
DA:853,0
DA:855,0
DA:857,0
DA:858,0
DA:881,2
DA:882,2
DA:887,6
DA:891,4
DA:900,0
DA:901,0
DA:906,0
DA:910,0
DA:930,2
DA:931,2
DA:936,6
DA:940,4
DA:950,0
DA:951,0
DA:956,0
DA:960,0
DA:979,2
DA:980,2
DA:985,6
DA:989,4
DA:998,0
DA:999,0
DA:1004,0
DA:1008,0
DA:1027,2
DA:1028,2
DA:1033,6
DA:1037,4
DA:1047,0
DA:1048,0
DA:1053,0
DA:1057,0
DA:1071,6
DA:1073,3
DA:1074,12
DA:1075,12
DA:1076,3
DA:1077,3
DA:1083,6
DA:1084,3
DA:1086,2
DA:1090,3
DA:1092,3
DA:1093,3
DA:1096,3
DA:1097,6
DA:1098,6
DA:1099,6
DA:1104,9
DA:1105,6
DA:1106,6
DA:1107,6
DA:1109,3
DA:1111,3
DA:1113,3
DA:1114,3
DA:1116,3
DA:1119,4
DA:1120,8
DA:1121,20
DA:1122,4
DA:1125,3
DA:1130,0
DA:1133,3
DA:1137,9
DA:1138,2
DA:1139,0
DA:1144,5
DA:1146,2
DA:1149,1
DA:1150,1
DA:1152,1
DA:1153,1
DA:1156,3
DA:1157,0
DA:1158,0
DA:1159,0
DA:1160,0
DA:1164,3
DA:1165,0
DA:1166,0
DA:1167,0
DA:1168,0
DA:1174,3
DA:1179,0
DA:1181,0
DA:1187,4
DA:1188,4
DA:1189,8
DA:1192,8
DA:1193,6
DA:1198,8
DA:1199,20
DA:1202,12
DA:1203,6
DA:1204,6
DA:1206,3
DA:1209,8
DA:1210,6
DA:1211,6
DA:1212,2
DA:1215,16
DA:1216,16
DA:1218,8
DA:1219,2
DA:1221,12
DA:1222,12
DA:1228,4
DA:1231,2
DA:1232,4
DA:1233,2
DA:1240,3
DA:1241,3
DA:1242,3
DA:1270,3
DA:1271,6
DA:1292,3
DA:1293,12
DA:1294,0
DA:1300,3
DA:1301,6
DA:1306,9
DA:1307,12
DA:1309,6
DA:1312,3
DA:1314,3
DA:1315,3
DA:1316,2
DA:1317,2
DA:1321,3
DA:1322,3
DA:1323,3
DA:1324,3
DA:1326,3
DA:1328,6
DA:1330,1
DA:1331,1
DA:1332,1
DA:1335,1
DA:1337,1
DA:1338,1
DA:1339,2
DA:1340,0
DA:1343,0
DA:1346,2
DA:1347,1
DA:1348,1
DA:1350,1
DA:1357,0
DA:1358,0
DA:1368,3
DA:1369,6
DA:1376,2
DA:1377,2
DA:1378,4
DA:1379,8
DA:1380,2
DA:1384,4
DA:1385,0
DA:1387,2
DA:1389,4
DA:1418,0
DA:1419,0
DA:1420,0
DA:1421,0
DA:1422,0
DA:1425,0
DA:1426,0
DA:1429,0
DA:1430,0
DA:1431,0
DA:1432,0
DA:1433,0
DA:1460,2
DA:1461,8
DA:1462,1
DA:1468,2
DA:1473,6
DA:1474,8
DA:1476,4
DA:1498,2
DA:1499,4
DA:1518,2
DA:1519,6
DA:1523,4
DA:1543,2
DA:1544,6
DA:1548,4
DA:1567,1
DA:1568,3
DA:1569,2
DA:1572,5
DA:1575,5
DA:1576,15
DA:1577,15
DA:1580,2
DA:1581,6
DA:1608,1
DA:1613,1
DA:1615,1
DA:1616,1
DA:1619,1
DA:1621,4
DA:1637,1
DA:1638,2
DA:1656,1
DA:1658,3
DA:1659,2
DA:1661,2
DA:1679,1
DA:1681,3
DA:1682,2
DA:1684,2
DA:1691,27
DA:1701,1
DA:1715,1
DA:1717,3
DA:1718,2
DA:1720,1
DA:1721,1
DA:1722,1
DA:1724,1
DA:1735,1
DA:1737,3
DA:1738,2
DA:1740,1
DA:1741,1
DA:1742,1
DA:1744,1
DA:1759,1
DA:1761,1
DA:1762,1
DA:1763,2
DA:1764,1
DA:1765,1
DA:1766,1
DA:1767,2
DA:1770,1
DA:1771,1
DA:1772,1
DA:1773,2
DA:1778,2
DA:1790,1
DA:1791,1
DA:1799,1
DA:1800,2
DA:1811,1
DA:1812,1
DA:1814,1
DA:1826,1
DA:1834,1
DA:1836,1
DA:1837,3
DA:1839,4
DA:1840,0
DA:1841,0
DA:1844,1
DA:1845,1
DA:1846,1
DA:1847,2
DA:1848,0
DA:1849,0
DA:1856,1
DA:1873,1
DA:1874,2
DA:1876,1
DA:1877,1
DA:1878,2
DA:1879,1
DA:1880,1
DA:1881,1
DA:1882,1
DA:1883,2
DA:1884,2
DA:1885,2
DA:1891,3
DA:1892,4
DA:1894,2
DA:1898,1
DA:1901,2
DA:1902,3
DA:1903,4
DA:1904,1
DA:1905,1
DA:1906,4
DA:1907,1
DA:1908,3
DA:1909,1
DA:1910,2
DA:1915,1
DA:1916,2
DA:1920,1
DA:1927,1
DA:1929,1
DA:1930,3
DA:1931,1
DA:1932,1
DA:1933,1
DA:1937,1
DA:1938,1
DA:1939,1
DA:1940,2
DA:1947,1
DA:1964,3
DA:1970,1
DA:1971,1
DA:1972,2
DA:1974,2
DA:1976,0
DA:1984,1
DA:1985,1
DA:1986,2
DA:1988,1
DA:1989,0
DA:1991,0
DA:1998,3
DA:2000,0
DA:2002,0
DA:2003,0
DA:2004,0
DA:2005,0
DA:2008,0
DA:2009,0
DA:2018,3
DA:2047,0
DA:2049,0
DA:2050,0
DA:2051,0
DA:2052,0
DA:2053,0
DA:2054,0
DA:2056,0
DA:2057,0
DA:2058,0
DA:2062,0
DA:2063,0
DA:2064,0
DA:2065,0
DA:2066,0
DA:2067,0
DA:2072,3
DA:2073,3
LF:635
LH:470
end_of_record
SF:/Users/ademolafadumo/Invertase/firebase-admin-sdk/dart_firebase_admin/packages/dart_firebase_admin/lib/src/google_cloud_firestore/serializer.dart
DA:14,7
DA:18,5
DA:19,15
DA:20,1
DA:22,4
DA:27,7
DA:28,7
DA:29,14
DA:30,14
DA:31,7
DA:36,7
DA:38,7
DA:41,7
DA:42,5
DA:44,7
DA:45,1
DA:47,7
DA:48,3
DA:49,14
DA:51,3
DA:52,1
DA:54,3
DA:55,1
DA:56,1
DA:59,2
DA:61,3
DA:62,1
DA:64,3
DA:65,1
DA:66,1
DA:67,4
DA:71,3
DA:72,3
DA:73,3
DA:76,6
DA:77,6
DA:79,3
DA:82,0
DA:85,0
DA:91,5
DA:92,5
DA:93,0
DA:96,0
DA:99,5
DA:102,5
DA:104,5
DA:106,5
DA:107,5
DA:108,1
DA:110,1
DA:111,1
DA:112,1
DA:113,0
DA:116,0
DA:117,1
DA:118,0
DA:119,0
DA:121,0
DA:123,1
DA:125,1
DA:126,1
DA:127,1
DA:129,1
DA:130,4
DA:132,0
DA:133,0
DA:136,0
DA:139,0
LF:68
LH:55
end_of_record
SF:/Users/ademolafadumo/Invertase/firebase-admin-sdk/dart_firebase_admin/packages/dart_firebase_admin/lib/src/google_cloud_firestore/field_value.dart
DA:131,27
DA:137,1
DA:141,1
DA:144,2
DA:147,0
DA:150,0
DA:155,0
DA:164,0
DA:169,0
DA:172,0
DA:175,0
DA:178,0
DA:180,0
DA:181,0
DA:182,0
DA:184,0
DA:189,0
DA:194,0
DA:195,0
DA:196,0
DA:200,0
DA:202,0
DA:205,0
DA:206,0
DA:212,0
DA:216,0
DA:219,0
DA:222,0
DA:225,0
DA:227,0
DA:230,0
DA:235,0
DA:236,0
DA:237,0
DA:241,0
DA:243,0
DA:244,0
DA:247,0
DA:248,0
DA:254,0
DA:258,0
DA:261,0
DA:264,0
DA:267,0
DA:269,0
DA:272,0
DA:277,0
DA:278,0
DA:279,0
DA:283,0
DA:285,0
DA:286,0
DA:289,0
DA:290,0
DA:295,27
DA:299,1
DA:302,1
DA:305,0
DA:308,1
DA:313,1
DA:314,1
DA:319,1
DA:329,27
DA:342,7
DA:351,14
DA:352,1
DA:361,14
DA:364,7
DA:365,2
DA:366,1
DA:372,3
DA:373,0
DA:374,1
DA:379,7
DA:380,14
DA:381,7
DA:383,7
DA:387,14
DA:388,9
DA:389,7
DA:394,7
DA:396,0
DA:398,0
DA:399,0
DA:401,4
DA:402,2
DA:404,2
DA:405,2
DA:407,2
DA:409,1
DA:413,1
DA:415,1
DA:416,1
DA:421,7
DA:423,0
DA:425,0
DA:426,0
DA:428,1
DA:429,0
DA:431,0
DA:432,0
DA:436,7
DA:437,2
DA:440,2
DA:443,7
DA:444,7
DA:445,14
DA:447,7
DA:448,5
DA:449,5
DA:450,3
DA:455,2
DA:458,4
DA:466,0
DA:467,0
DA:468,0
DA:470,0
DA:475,0
LF:118
LH:52
end_of_record
SF:/Users/ademolafadumo/Invertase/firebase-admin-sdk/dart_firebase_admin/packages/dart_firebase_admin/lib/src/google_cloud_firestore/firestore.dart
DA:44,8
DA:45,8
DA:46,8
DA:47,16
DA:51,8
DA:52,8
DA:55,21
DA:69,7
DA:70,14
DA:74,2
DA:77,0
DA:85,7
DA:86,21
DA:93,24
DA:94,14
DA:114,7
DA:115,7
DA:121,7
DA:135,3
DA:136,3
DA:138,3
DA:139,3
DA:140,0
DA:142,0
DA:148,3
DA:162,4
DA:163,4
DA:165,4
DA:166,4
DA:167,0
DA:169,0
DA:175,4
DA:199,2
DA:200,2
DA:201,1
DA:204,1
DA:208,2
DA:216,3
DA:220,3
DA:221,0
DA:228,3
DA:230,3
DA:236,3
DA:260,1
DA:266,1
DA:268,1
DA:271,8
DA:275,8
DA:277,16
DA:278,8
DA:287,0
DA:316,1
DA:320,1
DA:323,2
DA:329,1
DA:337,1
DA:338,1
LF:57
LH:50
end_of_record
SF:/Users/ademolafadumo/Invertase/firebase-admin-sdk/dart_firebase_admin/packages/dart_firebase_admin/lib/src/google_cloud_firestore/firestore_exception.dart
DA:3,2
DA:4,4
DA:6,2
DA:7,2
DA:11,2
DA:12,2
DA:14,0
DA:15,0
DA:16,0
DA:21,2
DA:22,2
DA:25,0
DA:29,2
DA:31,10
DA:40,2
DA:48,2
DA:49,2
DA:50,2
DA:52,2
DA:62,0
DA:64,0
DA:65,0
DA:67,0
DA:69,0
DA:71,0
DA:78,0
DA:79,0
DA:80,0
DA:86,7
DA:88,7
DA:90,7
DA:91,7
DA:96,0
DA:101,2
DA:102,2
DA:103,2
DA:104,2
DA:105,2
DA:106,2
DA:108,2
DA:110,2
DA:116,0
DA:121,2
DA:122,2
DA:123,2
DA:124,2
DA:125,0
DA:128,2
DA:136,2
DA:138,0
DA:140,2
DA:143,0
DA:149,2
DA:154,0
DA:155,0
LF:55
LH:35
end_of_record
SF:/Users/ademolafadumo/Invertase/firebase-admin-sdk/dart_firebase_admin/packages/dart_firebase_admin/lib/src/google_cloud_firestore/firestore_http_client.dart
DA:4,8
DA:10,14
DA:16,7
DA:18,21
DA:19,7
DA:22,7
DA:25,0
DA:29,16
DA:33,16
DA:36,8
DA:38,24
DA:39,0
DA:42,8
DA:46,16
DA:49,0
DA:52,7
DA:56,7
DA:57,7
DA:58,21
DA:59,14
DA:61,7
DA:62,21
DA:69,7
DA:71,7
DA:72,14
DA:73,21
LF:26
LH:23
end_of_record
SF:/Users/ademolafadumo/Invertase/firebase-admin-sdk/dart_firebase_admin/packages/dart_firebase_admin/lib/src/google_cloud_firestore/path.dart
DA:5,7
DA:6,7
DA:7,1
DA:9,1
DA:14,7
DA:15,0
DA:17,0
DA:25,27
DA:36,6
DA:37,12
DA:39,36
DA:43,3
DA:44,12
DA:48,7
DA:49,28
DA:52,6
DA:55,1
DA:56,5
DA:60,4
DA:61,5
DA:69,1
DA:71,5
DA:72,2
DA:73,5
DA:74,1
DA:77,6
DA:78,5
DA:83,6
DA:85,6
DA:86,18
DA:89,7
DA:91,28
DA:95,27
DA:101,21
DA:104,24
DA:107,42
DA:110,6
DA:111,12
DA:112,12
DA:115,7
DA:116,7
DA:118,7
DA:123,7
DA:124,21
DA:125,7
DA:128,7
DA:132,7
DA:135,7
DA:141,7
DA:147,7
DA:149,7
DA:150,14
DA:153,0
DA:156,7
DA:157,7
DA:158,7
DA:160,7
DA:164,7
DA:170,21
DA:178,0
DA:179,0
DA:182,7
DA:183,7
DA:185,7
DA:187,7
DA:189,7
DA:191,7
DA:194,7
DA:196,7
DA:199,0
DA:201,0
DA:204,7
DA:206,7
DA:207,7
DA:208,7
DA:213,0
DA:215,0
DA:216,0
DA:217,0
DA:219,0
DA:220,0
DA:223,0
DA:232,21
DA:235,7
DA:236,14
DA:237,0
DA:240,28
DA:241,0
DA:244,21
DA:245,0
DA:246,0
DA:256,0
DA:261,7
DA:262,14
DA:263,0
DA:266,28
DA:267,21
DA:268,0
DA:269,0
DA:270,0
DA:277,7
DA:278,7
DA:279,14
DA:280,5
DA:284,0
DA:291,7
DA:293,7
DA:294,35
DA:300,12
DA:303,21
DA:305,7
DA:306,7
DA:307,7
DA:308,14
DA:309,7
DA:310,3
DA:312,7
DA:315,3
DA:316,3
DA:318,3
DA:319,3
LF:121
LH:97
end_of_record
SF:/Users/ademolafadumo/Invertase/firebase-admin-sdk/dart_firebase_admin/packages/dart_firebase_admin/lib/src/google_cloud_firestore/document.dart
DA:4,1
DA:16,7
DA:24,7
DA:28,14
DA:30,7
DA:32,7
DA:39,2
DA:43,4
DA:47,2
DA:53,2
DA:54,6
DA:56,2
DA:58,2
DA:61,1
DA:64,2
DA:66,2
DA:71,1
DA:73,1
DA:77,1
DA:81,2
DA:82,1
DA:86,1
DA:90,1
DA:91,2
DA:92,1
DA:93,1
DA:94,3
DA:97,1
DA:105,2
DA:106,4
DA:107,4
DA:108,4
DA:111,2
DA:113,2
DA:120,5
DA:125,5
DA:127,10
DA:131,5
DA:132,17
DA:133,15
DA:134,10
DA:135,15
DA:137,5
DA:140,2
DA:145,2
DA:147,2
DA:151,2
DA:152,4
DA:154,2
DA:165,3
DA:182,6
DA:198,5
DA:199,5
DA:200,5
DA:203,10
DA:207,4
DA:208,8
DA:209,8
DA:213,4
DA:214,4
DA:217,4
DA:218,4
DA:219,4
DA:223,5
DA:224,5
DA:225,35
DA:236,1
DA:237,1
DA:238,1
DA:242,5
DA:245,1
DA:246,2
DA:250,1
DA:251,4
DA:252,1
DA:254,2
DA:258,1
DA:261,2
DA:264,7
DA:265,7
DA:266,7
DA:267,14
DA:268,14
DA:273,0
DA:275,0
DA:276,0
DA:277,0
DA:278,0
DA:281,0
DA:282,0
DA:283,0
DA:284,0
DA:285,0
DA:290,5
DA:299,5
DA:301,20
DA:305,20
DA:309,5
DA:311,5
DA:312,5
DA:314,5
DA:315,5
DA:316,5
DA:320,2
DA:321,2
DA:322,2
DA:323,2
DA:324,2
DA:331,5
DA:337,5
DA:339,5
DA:340,5
DA:342,5
DA:343,5
DA:345,5
DA:347,5
DA:349,0
DA:362,7
DA:364,7
DA:368,7
DA:369,42
DA:372,7
DA:375,7
DA:379,7
DA:381,7
DA:382,8
DA:384,1
DA:386,0
DA:387,0
DA:390,7
DA:391,0
DA:393,0
DA:395,7
DA:396,6
DA:397,3
DA:398,3
DA:399,9
DA:406,14
DA:407,21
DA:410,7
DA:416,7
DA:417,15
DA:418,1
DA:423,1
DA:424,1
DA:425,2
DA:426,3
DA:435,4
DA:438,2
DA:444,10
DA:446,4
DA:447,4
DA:449,4
DA:451,2
DA:452,4
DA:456,8
DA:461,2
DA:462,4
DA:464,2
DA:465,2
DA:467,4
DA:468,2
DA:469,3
DA:470,4
DA:474,2
DA:479,2
DA:480,4
DA:482,2
DA:483,10
LF:169
LH:154
end_of_record
SF:/Users/ademolafadumo/Invertase/firebase-admin-sdk/dart_firebase_admin/packages/dart_firebase_admin/lib/src/google_cloud_firestore/timestamp.dart
DA:4,2
DA:5,4
DA:6,4
DA:8,2
DA:9,4
DA:13,2
DA:16,2
DA:31,8
DA:35,32
DA:36,0
DA:37,0
DA:44,32
DA:45,0
DA:46,0
DA:61,0
DA:77,3
DA:78,6
DA:94,2
DA:95,4
DA:96,6
DA:98,2
DA:114,3
DA:115,9
DA:116,12
DA:118,3
DA:121,7
DA:122,7
DA:125,14
DA:126,7
DA:128,14
DA:130,14
DA:131,28
DA:134,21
DA:135,0
DA:142,7
DA:143,14
DA:154,2
DA:156,2
DA:157,2
DA:158,2
DA:159,2
DA:164,2
DA:166,2
DA:167,6
DA:168,6
DA:171,0
DA:172,0
DA:174,0
DA:176,0
LF:49
LH:39
end_of_record
SF:/Users/ademolafadumo/Invertase/firebase-admin-sdk/dart_firebase_admin/packages/dart_firebase_admin/lib/src/google_cloud_firestore/filter.dart
DA:131,3
DA:132,6
DA:133,4
DA:134,1
DA:135,2
DA:141,3
DA:142,6
DA:150,2
DA:152,2
DA:153,2
DA:155,1
DA:156,1
DA:166,2
DA:168,2
DA:169,2
LF:15
LH:15
end_of_record
SF:/Users/ademolafadumo/Invertase/firebase-admin-sdk/dart_firebase_admin/packages/dart_firebase_admin/lib/src/google_cloud_firestore/transaction.dart
DA:4,0
DA:15,3
DA:16,0
DA:20,1
DA:32,1
DA:33,1
DA:35,1
DA:36,1
DA:39,1
DA:40,2
DA:41,1
DA:43,3
DA:44,2
DA:88,1
DA:89,4
DA:90,1
DA:92,1
DA:95,1
DA:108,1
DA:112,4
DA:113,0
DA:115,1
DA:118,1
DA:127,0
DA:128,0
DA:129,0
DA:131,0
DA:144,1
DA:145,1
DA:146,1
DA:148,2
DA:161,1
DA:166,1
DA:167,0
DA:170,3
DA:171,5
DA:179,1
DA:183,1
DA:184,0
DA:186,2
DA:189,1
DA:190,1
DA:191,0
DA:197,1
DA:198,1
DA:199,3
DA:204,2
DA:206,1
DA:207,1
DA:210,1
DA:213,2
DA:220,1
DA:224,0
DA:228,1
DA:229,1
DA:235,1
DA:238,4
DA:239,3
DA:240,3
DA:241,1
DA:248,1
DA:260,1
DA:264,0
DA:265,0
DA:266,0
DA:272,0
DA:274,1
DA:277,0
DA:279,0
DA:281,0
DA:285,1
DA:286,1
DA:287,2
DA:288,1
DA:289,2
DA:291,0
DA:294,1
DA:302,3
DA:303,1
DA:309,0
DA:313,2
DA:314,1
DA:320,1
DA:327,1
DA:328,1
DA:329,1
DA:335,1
DA:336,1
DA:337,1
DA:338,2
DA:342,1
DA:349,1
DA:350,1
DA:358,1
DA:359,1
DA:360,1
DA:361,1
DA:365,1
DA:367,1
DA:368,1
DA:372,3
DA:374,2
DA:375,2
DA:377,1
DA:378,1
DA:381,1
DA:382,1
DA:385,1
DA:389,1
DA:392,1
DA:394,1
DA:396,1
DA:397,1
DA:401,1
DA:402,1
DA:412,1
DA:416,3
DA:417,0
DA:419,1
DA:422,1
DA:423,2
DA:424,1
DA:425,1
DA:426,1
DA:427,1
DA:428,1
DA:429,1
DA:430,1
DA:431,1
DA:433,1
DA:437,0
LF:131
LH:109
end_of_record
SF:/Users/ademolafadumo/Invertase/firebase-admin-sdk/dart_firebase_admin/packages/dart_firebase_admin/lib/src/google_cloud_firestore/write_batch.dart
DA:7,7
DA:12,0
DA:15,0
DA:18,0
DA:19,0
DA:28,7
DA:52,3
DA:53,6
DA:54,3
DA:56,3
DA:58,3
DA:59,3
DA:61,3
DA:63,3
DA:64,3
DA:65,3
DA:66,6
DA:67,4
DA:69,6
DA:73,9
DA:91,7
DA:92,7
DA:94,7
DA:96,14
DA:97,7
DA:98,21
DA:103,7
DA:106,7
DA:108,28
DA:109,7
DA:111,35
DA:114,28
DA:116,14
DA:122,1
DA:123,2
DA:124,1
DA:131,7
DA:135,7
DA:137,7
DA:138,14
DA:139,2
DA:140,4
DA:145,21
DA:151,7
DA:152,14
DA:154,7
DA:156,7
DA:158,7
DA:162,7
DA:164,7
DA:165,7
DA:170,7
DA:171,14
DA:172,4
DA:177,21
DA:184,2
DA:189,2
DA:192,2
DA:197,2
DA:198,2
DA:200,2
DA:202,2
DA:204,2
DA:205,2
DA:207,2
DA:209,2
DA:210,2
DA:211,2
DA:212,4
DA:213,4
DA:214,4
DA:216,4
DA:220,6
DA:223,7
DA:224,7
DA:225,0
DA:232,2
DA:233,6
DA:235,5
DA:236,4
DA:237,1
DA:240,4
DA:246,2
DA:247,2
DA:248,1
DA:251,2
DA:254,2
DA:255,2
DA:267,7
DA:272,7
DA:273,0
DA:275,0
DA:281,7
DA:285,7
LF:94
LH:87
end_of_record
SF:/Users/ademolafadumo/Invertase/firebase-admin-sdk/dart_firebase_admin/packages/dart_firebase_admin/lib/src/google_cloud_firestore/document_change.dart
DA:9,0
DA:33,0
DA:36,0
DA:37,0
DA:38,0
DA:39,0
DA:40,0
DA:41,0
DA:44,0
DA:45,0
LF:10
LH:0
end_of_record
SF:/Users/ademolafadumo/Invertase/firebase-admin-sdk/dart_firebase_admin/packages/dart_firebase_admin/lib/src/google_cloud_firestore/collection_group.dart
DA:4,2
DA:8,2
DA:9,2
DA:15,1
DA:20,1
DA:21,2
DA:22,1
DA:27,0
DA:30,0
LF:9
LH:7
end_of_record
SF:/Users/ademolafadumo/Invertase/firebase-admin-sdk/dart_firebase_admin/packages/dart_firebase_admin/lib/src/google_cloud_firestore/document_reader.dart
DA:4,3
DA:11,3
DA:18,12
DA:20,12
DA:21,0
DA:35,3
DA:36,12
DA:39,3
DA:40,3
DA:44,3
DA:46,6
DA:47,9
DA:51,3
DA:52,6
DA:53,6
DA:54,6
DA:55,6
DA:57,6
DA:59,0
DA:62,6
DA:65,3
DA:66,6
DA:68,3
DA:69,6
DA:70,7
DA:71,1
DA:72,4
DA:75,3
DA:76,3
DA:77,3
DA:82,6
DA:83,6
DA:84,12
DA:86,6
DA:89,3
DA:91,6
DA:94,4
DA:95,2
DA:98,3
DA:100,3
DA:102,3
DA:103,3
DA:105,2
DA:106,2
DA:107,2
DA:109,2
DA:110,2
DA:115,6
DA:116,6
DA:117,6
DA:118,3
DA:121,0
DA:123,0
DA:124,0
DA:126,0
DA:128,0
DA:129,0
DA:132,0
LF:58
LH:49
end_of_record
SF:/Users/ademolafadumo/Invertase/firebase-admin-sdk/dart_firebase_admin/packages/dart_firebase_admin/lib/src/google_cloud_firestore/convert.dart
DA:4,5
DA:5,5
DA:6,5
DA:7,5
DA:8,5
DA:9,5
DA:10,5
DA:11,5
DA:12,5
DA:13,5
DA:14,5
DA:15,5
DA:16,5
DA:19,15
DA:20,0
LF:15
LH:14
end_of_record
SF:/Users/ademolafadumo/Invertase/firebase-admin-sdk/dart_firebase_admin/packages/dart_firebase_admin/lib/src/google_cloud_firestore/types.dart
DA:9,2
DA:10,2
DA:13,7
LF:3
LH:3
end_of_record
SF:/Users/ademolafadumo/Invertase/firebase-admin-sdk/dart_firebase_admin/packages/dart_firebase_admin/lib/src/messaging/fmc_exception.dart
DA:58,1
DA:59,1
DA:60,1
DA:61,1
DA:62,0
DA:65,1
DA:73,1
DA:75,0
DA:77,1
DA:80,3
DA:86,1
DA:91,0
DA:92,0
DA:212,1
DA:213,2
DA:215,1
DA:216,1
DA:220,1
DA:221,1
DA:223,0
DA:224,0
DA:225,0
DA:230,1
DA:231,0
DA:234,1
DA:238,1
DA:240,5
DA:249,1
DA:257,1
DA:258,1
DA:259,1
DA:261,1
DA:271,1
DA:273,1
DA:274,1
DA:276,1
DA:278,1
DA:285,1
DA:286,1
DA:287,1
DA:292,1
DA:294,1
DA:296,1
DA:298,1
DA:300,0
DA:305,1
DA:306,1
DA:307,1
DA:308,1
DA:309,1
DA:310,1
DA:312,1
DA:314,1
DA:320,0
LF:54
LH:44
end_of_record
SF:/Users/ademolafadumo/Invertase/firebase-admin-sdk/dart_firebase_admin/packages/dart_firebase_admin/lib/src/messaging/messaging_api.dart
DA:4,1
DA:30,1
DA:37,1
DA:46,1
DA:54,1
DA:58,1
DA:60,1
DA:61,1
DA:62,1
DA:63,1
DA:64,1
DA:65,1
DA:66,1
DA:67,1
DA:76,1
DA:84,1
DA:88,1
DA:90,1
DA:91,1
DA:92,1
DA:93,1
DA:94,2
DA:95,2
DA:96,1
DA:97,1
DA:106,0
DA:114,0
DA:118,0
DA:120,0
DA:121,0
DA:122,0
DA:123,0
DA:124,0
DA:125,0
DA:126,0
DA:127,0
DA:135,0
DA:143,0
DA:151,0
DA:162,0
DA:163,0
DA:170,0
DA:175,0
DA:176,0
DA:183,1
DA:200,1
DA:201,1
DA:202,1
DA:203,1
DA:204,2
DA:205,1
DA:215,0
DA:221,0
DA:222,0
DA:227,0
DA:242,0
DA:243,0
DA:248,1
DA:249,2
DA:250,1
DA:251,1
DA:252,2
DA:253,1
DA:254,0
DA:269,1
DA:347,1
DA:348,1
DA:349,2
DA:350,2
DA:351,2
DA:352,2
DA:353,2
DA:354,2
DA:355,2
DA:356,2
DA:357,2
DA:358,2
DA:359,2
DA:360,2
DA:361,2
DA:362,2
DA:363,2
DA:364,1
DA:365,1
DA:378,1
DA:389,1
DA:390,1
DA:391,1
DA:392,2
DA:393,1
DA:403,1
DA:411,1
DA:412,1
DA:413,3
DA:414,1
DA:415,1
DA:422,1
DA:456,1
DA:457,1
DA:458,1
DA:459,1
DA:460,4
DA:461,3
DA:462,3
DA:463,1
DA:464,1
DA:465,1
DA:470,0
DA:496,0
DA:497,0
DA:498,0
DA:499,0
DA:500,0
DA:501,0
DA:502,0
DA:503,0
DA:504,0
DA:505,0
DA:506,0
DA:507,0
DA:508,0
DA:509,0
DA:516,1
DA:530,1
DA:531,5
DA:538,0
DA:546,0
DA:547,0
DA:556,0
DA:604,0
DA:605,0
DA:606,0
DA:607,0
DA:608,0
DA:609,0
DA:610,0
DA:611,0
DA:612,0
DA:636,0
DA:788,0
DA:789,0
DA:790,0
DA:791,0
DA:792,0
DA:793,0
DA:794,0
DA:795,0
DA:796,0
DA:797,0
DA:798,0
DA:799,0
DA:800,0
DA:801,0
DA:802,0
DA:803,0
DA:804,0
DA:805,0
DA:806,0
DA:807,0
DA:808,0
DA:809,0
DA:810,0
DA:811,0
DA:812,0
DA:813,0
DA:814,0
DA:822,0
DA:837,0
DA:838,0
DA:839,0
DA:840,0
DA:841,0
DA:842,0
DA:843,0
DA:845,0
DA:846,0
DA:854,0
DA:859,0
DA:860,0
DA:871,0
DA:1026,0
DA:1027,0
DA:1028,0
DA:1034,0
DA:1035,0
DA:1036,0
DA:1037,0
DA:1038,0
DA:1040,0
DA:1068,0
DA:1085,0
DA:1115,0
DA:1124,0
DA:1125,0
DA:1126,0
DA:1127,0
DA:1133,0
DA:1134,0
DA:1135,0
DA:1142,0
DA:1143,0
DA:1144,0
DA:1237,0
DA:1249,1
DA:1270,1
LF:205
LH:86
end_of_record
SF:/Users/ademolafadumo/Invertase/firebase-admin-sdk/dart_firebase_admin/packages/dart_firebase_admin/lib/src/messaging/messaging_http_client.dart
DA:3,0
DA:15,2
DA:20,1
DA:21,1
DA:24,1
DA:27,2
DA:28,1
DA:29,3
DA:30,2
DA:32,3
DA:36,1
DA:39,1
DA:40,1
DA:41,2
DA:47,0
DA:53,0
DA:54,0
DA:55,0
DA:56,0
DA:57,0
DA:58,0
DA:59,0
DA:64,0
DA:65,0
DA:68,0
DA:71,0
DA:73,0
DA:77,0
DA:78,0
DA:79,0
DA:80,0
DA:81,0
DA:82,0
DA:91,0
DA:92,0
DA:96,0
LF:36
LH:13
end_of_record
SF:/Users/ademolafadumo/Invertase/firebase-admin-sdk/dart_firebase_admin/packages/dart_firebase_admin/lib/src/messaging/messaging_request_handler.dart
DA:8,2
DA:11,2
DA:23,1
DA:24,3
DA:25,2
DA:26,3
DA:27,1
DA:28,1
DA:34,1
DA:36,1
DA:60,1
DA:61,3
DA:62,1
DA:63,1
DA:68,2
DA:69,1
DA:75,2
DA:76,1
DA:77,2
DA:78,3
DA:79,1
DA:80,1
DA:86,1
DA:87,1
DA:88,2
DA:91,1
DA:92,1
DA:94,1
DA:96,1
DA:98,1
DA:106,4
DA:108,1
DA:111,2
DA:129,0
DA:133,0
DA:134,0
DA:135,0
DA:136,0
DA:138,0
DA:139,0
DA:140,0
DA:141,0
DA:142,0
DA:143,0
DA:146,0
LF:45
LH:33
end_of_record
SF:/Users/ademolafadumo/Invertase/firebase-admin-sdk/dart_firebase_admin/packages/dart_firebase_admin/lib/src/messaging/messaging.dart
DA:26,2
DA:30,2
DA:31,2
DA:32,4
DA:37,2
DA:40,2
DA:56,1
DA:57,2
DA:74,1
DA:75,2
DA:91,0
DA:95,0
DA:98,2
LF:13
LH:11
end_of_record
SF:/Users/ademolafadumo/Invertase/firebase-admin-sdk/dart_firebase_admin/packages/dart_firebase_admin/lib/src/security_rules/security_rules.dart
DA:16,1
DA:24,1
DA:25,2
DA:26,3
DA:38,1
DA:39,3
DA:40,1
DA:51,4
DA:59,2
DA:60,2
DA:61,2
DA:66,2
DA:73,3
DA:83,1
DA:84,2
DA:86,1
DA:94,1
DA:95,1
DA:103,0
DA:104,0
DA:105,0
DA:107,0
DA:117,1
DA:118,2
DA:126,0
DA:128,0
DA:129,0
DA:140,0
DA:144,0
DA:145,0
DA:147,0
DA:158,0
DA:159,0
DA:160,0
DA:169,1
DA:170,3
DA:172,2
DA:173,1
DA:184,1
DA:185,2
DA:195,1
DA:199,2
DA:203,1
DA:206,1
DA:207,2
DA:208,1
DA:210,2
DA:213,2
DA:219,3
LF:49
LH:35
end_of_record
SF:/Users/ademolafadumo/Invertase/firebase-admin-sdk/dart_firebase_admin/packages/dart_firebase_admin/lib/src/security_rules/security_rules_request_handler.dart
DA:4,1
DA:18,1
DA:24,1
DA:26,1
DA:27,1
DA:28,1
DA:29,3
DA:30,3
DA:39,1
DA:40,1
DA:41,1
DA:42,1
DA:43,1
DA:44,2
DA:48,1
DA:59,1
DA:70,1
DA:71,1
DA:80,1
DA:81,2
DA:87,1
DA:88,2
DA:94,1
DA:95,2
DA:98,1
DA:99,3
DA:100,3
DA:101,1
DA:104,1
DA:108,1
DA:109,1
DA:110,1
DA:111,1
DA:112,2
DA:113,1
DA:114,2
DA:115,1
DA:116,1
DA:119,1
DA:124,3
DA:125,3
DA:126,1
DA:127,1
DA:130,1
DA:131,1
DA:132,1
DA:133,2
DA:138,1
DA:140,1
DA:141,0
DA:142,0
DA:143,0
DA:144,0
DA:150,1
DA:151,3
DA:152,4
DA:156,1
DA:160,3
DA:161,2
DA:162,0
DA:168,3
DA:169,1
DA:174,1
DA:175,3
DA:176,1
DA:181,1
DA:182,3
DA:183,3
DA:184,1
DA:187,1
DA:188,1
DA:189,1
DA:190,1
DA:191,1
DA:196,1
DA:197,3
DA:198,3
DA:199,1
DA:200,1
DA:201,1
DA:202,1
DA:205,1
DA:208,1
DA:209,1
DA:210,1
DA:211,1
DA:212,1
DA:217,0
DA:218,0
DA:219,0
DA:220,0
DA:221,0
DA:222,0
DA:224,0
DA:227,0
DA:228,0
DA:229,0
DA:230,0
DA:231,0
LF:99
LH:82
end_of_record
SF:/Users/ademolafadumo/Invertase/firebase-admin-sdk/dart_firebase_admin/packages/dart_firebase_admin/lib/src/security_rules/security_rules_http_client.dart
DA:9,1
DA:14,1
DA:15,1
DA:19,1
DA:20,1
DA:24,1
DA:25,1
DA:28,1
DA:31,2
DA:32,1
DA:33,3
DA:34,2
DA:37,1
DA:38,1
DA:40,1
DA:41,1
DA:42,4
DA:43,1
DA:46,1
DA:47,2
DA:52,0
DA:53,0
DA:55,0
DA:60,0
DA:61,0
DA:63,0
DA:71,1
DA:77,1
DA:78,1
DA:79,2
LF:30
LH:24
end_of_record
SF:/Users/ademolafadumo/Invertase/firebase-admin-sdk/dart_firebase_admin/packages/dart_firebase_admin/lib/src/security_rules/security_rules_exception.dart
DA:19,1
DA:22,3
LF:2
LH:2
end_of_record
SF:/Users/ademolafadumo/Invertase/firebase-admin-sdk/dart_firebase_admin/packages/dart_firebase_admin/lib/src/utils/crypto_signer.dart
DA:14,0
DA:19,0
DA:20,0
DA:21,0
DA:23,0
DA:30,1
DA:31,2
DA:32,1
DA:34,1
DA:37,0
DA:51,0
DA:52,0
DA:54,0
DA:60,0
DA:62,0
DA:63,0
DA:66,0
DA:67,0
DA:70,0
DA:73,0
DA:74,0
DA:75,0
DA:78,0
DA:82,0
DA:85,0
DA:87,0
DA:89,0
DA:90,0
DA:91,0
DA:92,0
DA:97,0
DA:104,1
DA:108,1
DA:111,1
DA:112,2
DA:114,0
DA:116,0
DA:117,0
DA:118,0
DA:121,0
DA:123,0
DA:125,0
DA:136,0
DA:137,0
DA:139,0
DA:140,0
DA:141,0
DA:143,0
DA:144,0
DA:146,0
DA:147,0
DA:148,0
DA:149,0
DA:151,0
DA:152,0
DA:153,0
DA:154,0
DA:155,0
DA:179,1
DA:184,1
DA:185,3
LF:61
LH:11
end_of_record
SF:/Users/ademolafadumo/Invertase/firebase-admin-sdk/dart_firebase_admin/packages/dart_firebase_admin/lib/src/utils/jwt.dart
DA:12,1
DA:17,2
DA:18,0
DA:20,0
DA:21,0
DA:33,1
DA:48,5
DA:55,0
DA:57,0
DA:58,0
DA:61,0
DA:62,0
DA:63,0
DA:66,0
DA:67,0
DA:68,0
DA:69,0
DA:71,0
DA:72,0
DA:74,0
DA:76,0
DA:80,0
DA:81,0
DA:83,0
DA:84,0
DA:85,0
DA:86,0
DA:87,0
DA:89,0
DA:94,0
DA:96,0
DA:97,0
DA:98,0
DA:106,2
DA:112,0
DA:114,0
DA:116,0
DA:119,0
DA:120,0
DA:121,0
DA:124,0
DA:125,0
DA:126,0
DA:127,0
DA:130,0
DA:131,0
DA:134,0
DA:137,0
DA:138,0
DA:141,0
DA:142,0
DA:149,6
DA:151,5
DA:152,10
DA:154,2
DA:155,4
DA:165,1
DA:168,1
DA:169,2
DA:172,1
DA:178,2
DA:181,1
DA:183,1
DA:184,1
DA:186,1
DA:194,1
DA:195,0
DA:197,0
DA:210,1
DA:211,1
DA:213,1
DA:214,1
DA:215,2
DA:219,1
DA:230,1
DA:239,1
DA:240,1
DA:241,1
DA:253,2
LF:79
LH:31
end_of_record
SF:/Users/ademolafadumo/Invertase/firebase-admin-sdk/dart_firebase_admin/packages/dart_firebase_admin/lib/src/app_check/token_generator.dart
DA:18,0
DA:28,0
DA:33,0
DA:35,0
DA:36,0
DA:37,0
DA:42,0
DA:46,0
DA:48,0
DA:50,0
DA:51,0
DA:52,0
DA:56,0
DA:57,0
DA:60,0
DA:61,0
DA:63,0
DA:66,0
DA:67,0
DA:76,0
DA:81,0
DA:82,0
DA:83,0
LF:23
LH:0
end_of_record
SF:/Users/ademolafadumo/Invertase/firebase-admin-sdk/dart_firebase_admin/packages/dart_firebase_admin/lib/src/app_check/token_verifier.dart
DA:18,1
DA:26,0
DA:27,0
DA:28,0
DA:29,0
DA:30,0
DA:32,0
DA:34,0
DA:37,0
DA:38,0
DA:40,0
DA:41,0
DA:45,0
DA:47,0
DA:52,0
DA:63,0
DA:64,0
DA:65,0
DA:70,0
DA:73,0
DA:75,0
DA:76,0
DA:77,0
DA:79,0
DA:80,0
DA:81,0
DA:84,0
DA:87,0
DA:93,0
DA:100,0
DA:102,0
DA:103,0
DA:104,0
DA:105,0
LF:34
LH:1
end_of_record
SF:/Users/ademolafadumo/Invertase/firebase-admin-sdk/dart_firebase_admin/packages/dart_firebase_admin/lib/src/object_utils.dart
DA:2,1
DA:4,7
DA:6,7
LF:3
LH:3
end_of_record
SF:/Users/ademolafadumo/Invertase/firebase-admin-sdk/dart_firebase_admin/packages/dart_firebase_admin/lib/src/utils/utils.dart
DA:3,0
DA:8,0
DA:10,0
DA:11,0
DA:12,0
DA:15,0
DA:17,0
DA:19,0
DA:20,0
DA:24,0
DA:25,0
DA:26,0
DA:29,0
LF:13
LH:0
end_of_record
SF:/Users/ademolafadumo/Invertase/firebase-admin-sdk/dart_firebase_admin/packages/dart_firebase_admin/lib/src/utils/validator.dart
DA:6,1
DA:11,1
DA:13,1
DA:14,2
DA:18,1
DA:20,1
DA:21,0
DA:26,1
DA:29,1
DA:30,1
DA:34,1
DA:36,1
DA:37,0
DA:42,1
DA:43,3
DA:46,1
DA:48,1
DA:49,0
DA:54,0
DA:55,0
DA:57,0
DA:60,0
LF:22
LH:15
end_of_record
SF:/Users/ademolafadumo/Invertase/firebase-admin-sdk/dart_firebase_admin/packages/dart_firebase_admin/lib/src/google_cloud_firestore/backoff.dart
DA:8,27
DA:31,1
DA:33,1
DA:34,1
DA:35,1
DA:36,1
DA:58,1
DA:59,1
DA:60,0
DA:63,2
DA:64,0
DA:67,3
DA:69,5
DA:70,5
DA:71,2
DA:73,2
DA:74,1
DA:82,0
DA:83,0
DA:84,0
DA:89,0
DA:90,0
DA:93,1
DA:94,7
DA:95,1
LF:25
LH:18
end_of_record
SF:/Users/ademolafadumo/Invertase/firebase-admin-sdk/dart_firebase_admin/packages/dart_firebase_admin/lib/src/google_cloud_firestore/util.dart
DA:8,7
DA:9,7
DA:10,7
DA:11,21
DA:13,35
DA:18,3
DA:20,3
DA:21,3
DA:22,9
DA:30,3
DA:35,6
DA:36,3
DA:37,6
DA:42,9
DA:43,9
DA:53,0
DA:54,0
LF:17
LH:15
end_of_record
